Created by PLY version 3.10 (http://www.dabeaz.com/ply)

Grammar

Rule 0     S' -> expression
Rule 1     expression -> expression COMMENT
Rule 2     expression -> LABEL
Rule 3     expression -> LABEL INSTRUCTION_DCB
Rule 4     expression -> LABEL INSTRUCTION_DCD
Rule 5     expression -> LABEL INSTRUCTION_SPACE
Rule 6     expression -> INSTRUCTION_LDR REGISTER NUMBER
Rule 7     expression -> INSTRUCTION_LDR REGISTER REGISTER_ADDR
Rule 8     expression -> INSTRUCTION_LDRB REGISTER REGISTER_ADDR
Rule 9     expression -> INSTRUCTION_LDR REGISTER LABEL_REF
Rule 10    expression -> INSTRUCTION_MOV REGISTER REGISTER
Rule 11    expression -> INSTRUCTION_MOV REGISTER NUMBER
Rule 12    expression -> INSTRUCTION_CMP REGISTER NUMBER
Rule 13    expression -> INSTRUCTION_CMP REGISTER REGISTER
Rule 14    expression -> INSTRUCTION_B LABEL
Rule 15    expression -> INSTRUCTION_BEQ LABEL
Rule 16    expression -> INSTRUCTION_BLT LABEL
Rule 17    expression -> INSTRUCTION_ADD REGISTER REGISTER REGISTER
Rule 18    expression -> INSTRUCTION_SUB REGISTER REGISTER REGISTER
Rule 19    expression -> INSTRUCTION_MUL REGISTER REGISTER REGISTER
Rule 20    expression -> INSTRUCTION_ADD REGISTER REGISTER NUMBER
Rule 21    expression -> INSTRUCTION_SUB REGISTER REGISTER NUMBER
Rule 22    expression -> INSTRUCTION_MUL REGISTER REGISTER NUMBER

Terminals, with rules where they appear

COMMENT              : 1
INSTRUCTION_ADD      : 17 20
INSTRUCTION_B        : 14
INSTRUCTION_BEQ      : 15
INSTRUCTION_BLT      : 16
INSTRUCTION_CMP      : 12 13
INSTRUCTION_DCB      : 3
INSTRUCTION_DCD      : 4
INSTRUCTION_LDR      : 6 7 9
INSTRUCTION_LDRB     : 8
INSTRUCTION_MOV      : 10 11
INSTRUCTION_MUL      : 19 22
INSTRUCTION_SPACE    : 5
INSTRUCTION_SUB      : 18 21
LABEL                : 2 3 4 5 14 15 16
LABEL_REF            : 9
NUMBER               : 6 11 12 20 21 22
REGISTER             : 6 7 8 9 10 10 11 12 13 13 17 17 17 18 18 18 19 19 19 20 20 21 21 22 22
REGISTER_ADDR        : 7 8
error                : 

Nonterminals, with rules where they appear

expression           : 1 0

Parsing method: LALR

state 0

    (0) S' -> . expression
    (1) expression -> . expression COMMENT
    (2) expression -> . LABEL
    (3) expression -> . LABEL INSTRUCTION_DCB
    (4) expression -> . LABEL INSTRUCTION_DCD
    (5) expression -> . LABEL INSTRUCTION_SPACE
    (6) expression -> . INSTRUCTION_LDR REGISTER NUMBER
    (7) expression -> . INSTRUCTION_LDR REGISTER REGISTER_ADDR
    (8) expression -> . INSTRUCTION_LDRB REGISTER REGISTER_ADDR
    (9) expression -> . INSTRUCTION_LDR REGISTER LABEL_REF
    (10) expression -> . INSTRUCTION_MOV REGISTER REGISTER
    (11) expression -> . INSTRUCTION_MOV REGISTER NUMBER
    (12) expression -> . INSTRUCTION_CMP REGISTER NUMBER
    (13) expression -> . INSTRUCTION_CMP REGISTER REGISTER
    (14) expression -> . INSTRUCTION_B LABEL
    (15) expression -> . INSTRUCTION_BEQ LABEL
    (16) expression -> . INSTRUCTION_BLT LABEL
    (17) expression -> . INSTRUCTION_ADD REGISTER REGISTER REGISTER
    (18) expression -> . INSTRUCTION_SUB REGISTER REGISTER REGISTER
    (19) expression -> . INSTRUCTION_MUL REGISTER REGISTER REGISTER
    (20) expression -> . INSTRUCTION_ADD REGISTER REGISTER NUMBER
    (21) expression -> . INSTRUCTION_SUB REGISTER REGISTER NUMBER
    (22) expression -> . INSTRUCTION_MUL REGISTER REGISTER NUMBER

    LABEL           shift and go to state 4
    INSTRUCTION_LDR shift and go to state 11
    INSTRUCTION_LDRB shift and go to state 5
    INSTRUCTION_MOV shift and go to state 10
    INSTRUCTION_CMP shift and go to state 3
    INSTRUCTION_B   shift and go to state 7
    INSTRUCTION_BEQ shift and go to state 12
    INSTRUCTION_BLT shift and go to state 1
    INSTRUCTION_ADD shift and go to state 9
    INSTRUCTION_SUB shift and go to state 6
    INSTRUCTION_MUL shift and go to state 2

    expression                     shift and go to state 8

state 1

    (16) expression -> INSTRUCTION_BLT . LABEL

    LABEL           shift and go to state 13


state 2

    (19) expression -> INSTRUCTION_MUL . REGISTER REGISTER REGISTER
    (22) expression -> INSTRUCTION_MUL . REGISTER REGISTER NUMBER

    REGISTER        shift and go to state 14


state 3

    (12) expression -> INSTRUCTION_CMP . REGISTER NUMBER
    (13) expression -> INSTRUCTION_CMP . REGISTER REGISTER

    REGISTER        shift and go to state 15


state 4

    (2) expression -> LABEL .
    (3) expression -> LABEL . INSTRUCTION_DCB
    (4) expression -> LABEL . INSTRUCTION_DCD
    (5) expression -> LABEL . INSTRUCTION_SPACE

    COMMENT         reduce using rule 2 (expression -> LABEL .)
    $end            reduce using rule 2 (expression -> LABEL .)
    INSTRUCTION_DCB shift and go to state 17
    INSTRUCTION_DCD shift and go to state 16
    INSTRUCTION_SPACE shift and go to state 18


state 5

    (8) expression -> INSTRUCTION_LDRB . REGISTER REGISTER_ADDR

    REGISTER        shift and go to state 19


state 6

    (18) expression -> INSTRUCTION_SUB . REGISTER REGISTER REGISTER
    (21) expression -> INSTRUCTION_SUB . REGISTER REGISTER NUMBER

    REGISTER        shift and go to state 20


state 7

    (14) expression -> INSTRUCTION_B . LABEL

    LABEL           shift and go to state 21


state 8

    (0) S' -> expression .
    (1) expression -> expression . COMMENT

    COMMENT         shift and go to state 22


state 9

    (17) expression -> INSTRUCTION_ADD . REGISTER REGISTER REGISTER
    (20) expression -> INSTRUCTION_ADD . REGISTER REGISTER NUMBER

    REGISTER        shift and go to state 23


state 10

    (10) expression -> INSTRUCTION_MOV . REGISTER REGISTER
    (11) expression -> INSTRUCTION_MOV . REGISTER NUMBER

    REGISTER        shift and go to state 24


state 11

    (6) expression -> INSTRUCTION_LDR . REGISTER NUMBER
    (7) expression -> INSTRUCTION_LDR . REGISTER REGISTER_ADDR
    (9) expression -> INSTRUCTION_LDR . REGISTER LABEL_REF

    REGISTER        shift and go to state 25


state 12

    (15) expression -> INSTRUCTION_BEQ . LABEL

    LABEL           shift and go to state 26


state 13

    (16) expression -> INSTRUCTION_BLT LABEL .

    COMMENT         reduce using rule 16 (expression -> INSTRUCTION_BLT LABEL .)
    $end            reduce using rule 16 (expression -> INSTRUCTION_BLT LABEL .)


state 14

    (19) expression -> INSTRUCTION_MUL REGISTER . REGISTER REGISTER
    (22) expression -> INSTRUCTION_MUL REGISTER . REGISTER NUMBER

    REGISTER        shift and go to state 27


state 15

    (12) expression -> INSTRUCTION_CMP REGISTER . NUMBER
    (13) expression -> INSTRUCTION_CMP REGISTER . REGISTER

    NUMBER          shift and go to state 28
    REGISTER        shift and go to state 29


state 16

    (4) expression -> LABEL INSTRUCTION_DCD .

    COMMENT         reduce using rule 4 (expression -> LABEL INSTRUCTION_DCD .)
    $end            reduce using rule 4 (expression -> LABEL INSTRUCTION_DCD .)


state 17

    (3) expression -> LABEL INSTRUCTION_DCB .

    COMMENT         reduce using rule 3 (expression -> LABEL INSTRUCTION_DCB .)
    $end            reduce using rule 3 (expression -> LABEL INSTRUCTION_DCB .)


state 18

    (5) expression -> LABEL INSTRUCTION_SPACE .

    COMMENT         reduce using rule 5 (expression -> LABEL INSTRUCTION_SPACE .)
    $end            reduce using rule 5 (expression -> LABEL INSTRUCTION_SPACE .)


state 19

    (8) expression -> INSTRUCTION_LDRB REGISTER . REGISTER_ADDR

    REGISTER_ADDR   shift and go to state 30


state 20

    (18) expression -> INSTRUCTION_SUB REGISTER . REGISTER REGISTER
    (21) expression -> INSTRUCTION_SUB REGISTER . REGISTER NUMBER

    REGISTER        shift and go to state 31


state 21

    (14) expression -> INSTRUCTION_B LABEL .

    COMMENT         reduce using rule 14 (expression -> INSTRUCTION_B LABEL .)
    $end            reduce using rule 14 (expression -> INSTRUCTION_B LABEL .)


state 22

    (1) expression -> expression COMMENT .

    COMMENT         reduce using rule 1 (expression -> expression COMMENT .)
    $end            reduce using rule 1 (expression -> expression COMMENT .)


state 23

    (17) expression -> INSTRUCTION_ADD REGISTER . REGISTER REGISTER
    (20) expression -> INSTRUCTION_ADD REGISTER . REGISTER NUMBER

    REGISTER        shift and go to state 32


state 24

    (10) expression -> INSTRUCTION_MOV REGISTER . REGISTER
    (11) expression -> INSTRUCTION_MOV REGISTER . NUMBER

    REGISTER        shift and go to state 34
    NUMBER          shift and go to state 33


state 25

    (6) expression -> INSTRUCTION_LDR REGISTER . NUMBER
    (7) expression -> INSTRUCTION_LDR REGISTER . REGISTER_ADDR
    (9) expression -> INSTRUCTION_LDR REGISTER . LABEL_REF

    NUMBER          shift and go to state 36
    REGISTER_ADDR   shift and go to state 37
    LABEL_REF       shift and go to state 35


state 26

    (15) expression -> INSTRUCTION_BEQ LABEL .

    COMMENT         reduce using rule 15 (expression -> INSTRUCTION_BEQ LABEL .)
    $end            reduce using rule 15 (expression -> INSTRUCTION_BEQ LABEL .)


state 27

    (19) expression -> INSTRUCTION_MUL REGISTER REGISTER . REGISTER
    (22) expression -> INSTRUCTION_MUL REGISTER REGISTER . NUMBER

    REGISTER        shift and go to state 39
    NUMBER          shift and go to state 38


state 28

    (12) expression -> INSTRUCTION_CMP REGISTER NUMBER .

    COMMENT         reduce using rule 12 (expression -> INSTRUCTION_CMP REGISTER NUMBER .)
    $end            reduce using rule 12 (expression -> INSTRUCTION_CMP REGISTER NUMBER .)


state 29

    (13) expression -> INSTRUCTION_CMP REGISTER REGISTER .

    COMMENT         reduce using rule 13 (expression -> INSTRUCTION_CMP REGISTER REGISTER .)
    $end            reduce using rule 13 (expression -> INSTRUCTION_CMP REGISTER REGISTER .)


state 30

    (8) expression -> INSTRUCTION_LDRB REGISTER REGISTER_ADDR .

    COMMENT         reduce using rule 8 (expression -> INSTRUCTION_LDRB REGISTER REGISTER_ADDR .)
    $end            reduce using rule 8 (expression -> INSTRUCTION_LDRB REGISTER REGISTER_ADDR .)


state 31

    (18) expression -> INSTRUCTION_SUB REGISTER REGISTER . REGISTER
    (21) expression -> INSTRUCTION_SUB REGISTER REGISTER . NUMBER

    REGISTER        shift and go to state 41
    NUMBER          shift and go to state 40


state 32

    (17) expression -> INSTRUCTION_ADD REGISTER REGISTER . REGISTER
    (20) expression -> INSTRUCTION_ADD REGISTER REGISTER . NUMBER

    REGISTER        shift and go to state 43
    NUMBER          shift and go to state 42


state 33

    (11) expression -> INSTRUCTION_MOV REGISTER NUMBER .

    COMMENT         reduce using rule 11 (expression -> INSTRUCTION_MOV REGISTER NUMBER .)
    $end            reduce using rule 11 (expression -> INSTRUCTION_MOV REGISTER NUMBER .)


state 34

    (10) expression -> INSTRUCTION_MOV REGISTER REGISTER .

    COMMENT         reduce using rule 10 (expression -> INSTRUCTION_MOV REGISTER REGISTER .)
    $end            reduce using rule 10 (expression -> INSTRUCTION_MOV REGISTER REGISTER .)


state 35

    (9) expression -> INSTRUCTION_LDR REGISTER LABEL_REF .

    COMMENT         reduce using rule 9 (expression -> INSTRUCTION_LDR REGISTER LABEL_REF .)
    $end            reduce using rule 9 (expression -> INSTRUCTION_LDR REGISTER LABEL_REF .)


state 36

    (6) expression -> INSTRUCTION_LDR REGISTER NUMBER .

    COMMENT         reduce using rule 6 (expression -> INSTRUCTION_LDR REGISTER NUMBER .)
    $end            reduce using rule 6 (expression -> INSTRUCTION_LDR REGISTER NUMBER .)


state 37

    (7) expression -> INSTRUCTION_LDR REGISTER REGISTER_ADDR .

    COMMENT         reduce using rule 7 (expression -> INSTRUCTION_LDR REGISTER REGISTER_ADDR .)
    $end            reduce using rule 7 (expression -> INSTRUCTION_LDR REGISTER REGISTER_ADDR .)


state 38

    (22) expression -> INSTRUCTION_MUL REGISTER REGISTER NUMBER .

    COMMENT         reduce using rule 22 (expression -> INSTRUCTION_MUL REGISTER REGISTER NUMBER .)
    $end            reduce using rule 22 (expression -> INSTRUCTION_MUL REGISTER REGISTER NUMBER .)


state 39

    (19) expression -> INSTRUCTION_MUL REGISTER REGISTER REGISTER .

    COMMENT         reduce using rule 19 (expression -> INSTRUCTION_MUL REGISTER REGISTER REGISTER .)
    $end            reduce using rule 19 (expression -> INSTRUCTION_MUL REGISTER REGISTER REGISTER .)


state 40

    (21) expression -> INSTRUCTION_SUB REGISTER REGISTER NUMBER .

    COMMENT         reduce using rule 21 (expression -> INSTRUCTION_SUB REGISTER REGISTER NUMBER .)
    $end            reduce using rule 21 (expression -> INSTRUCTION_SUB REGISTER REGISTER NUMBER .)


state 41

    (18) expression -> INSTRUCTION_SUB REGISTER REGISTER REGISTER .

    COMMENT         reduce using rule 18 (expression -> INSTRUCTION_SUB REGISTER REGISTER REGISTER .)
    $end            reduce using rule 18 (expression -> INSTRUCTION_SUB REGISTER REGISTER REGISTER .)


state 42

    (20) expression -> INSTRUCTION_ADD REGISTER REGISTER NUMBER .

    COMMENT         reduce using rule 20 (expression -> INSTRUCTION_ADD REGISTER REGISTER NUMBER .)
    $end            reduce using rule 20 (expression -> INSTRUCTION_ADD REGISTER REGISTER NUMBER .)


state 43

    (17) expression -> INSTRUCTION_ADD REGISTER REGISTER REGISTER .

    COMMENT         reduce using rule 17 (expression -> INSTRUCTION_ADD REGISTER REGISTER REGISTER .)
    $end            reduce using rule 17 (expression -> INSTRUCTION_ADD REGISTER REGISTER REGISTER .)

